{
"contracts\\dutchAuction.sol":{"l":{"26":5,"27":4,"28":3,"29":3,"30":3,"33":1,"34":1,"35":1,"36":1,"37":1,"38":1,"39":1,"40":1,"41":1,"42":1,"47":3,"48":3,"49":3,"50":2,"51":2,"52":2,"53":2,"56":1,"57":1,"59":3},"path":"C:\\SEM 3\\INFO 7500\\dutch-auction-v2\\contracts\\dutchAuction.sol","s":{"1":5,"2":4,"3":3,"4":3,"5":3,"6":3,"7":3,"8":2,"9":2,"10":2,"11":1,"12":1,"13":3},"b":{"1":[4,1],"2":[3,1],"3":[3,0],"4":[3,0],"5":[3,2],"6":[2,1]},"f":{"1":5,"2":1,"3":3},"fnMap":{"1":{"name":"isAuctionValid","line":25,"loc":{"start":{"line":25,"column":4},"end":{"line":31,"column":4}}},"2":{"name":"constructor","line":32,"loc":{"start":{"line":32,"column":4},"end":{"line":44,"column":4}}},"3":{"name":"bid","line":46,"loc":{"start":{"line":46,"column":4},"end":{"line":60,"column":4}}}},"statementMap":{"1":{"start":{"line":26,"column":8},"end":{"line":26,"column":54}},"2":{"start":{"line":27,"column":8},"end":{"line":27,"column":50}},"3":{"start":{"line":28,"column":8},"end":{"line":28,"column":81}},"4":{"start":{"line":29,"column":8},"end":{"line":29,"column":69}},"5":{"start":{"line":47,"column":8},"end":{"line":47,"column":68}},"6":{"start":{"line":48,"column":8},"end":{"line":48,"column":85}},"7":{"start":{"line":49,"column":8},"end":{"line":49,"column":1966}},"8":{"start":{"line":50,"column":12},"end":{"line":50,"column":53}},"9":{"start":{"line":51,"column":12},"end":{"line":51,"column":64}},"10":{"start":{"line":52,"column":12},"end":{"line":52,"column":36}},"11":{"start":{"line":56,"column":12},"end":{"line":56,"column":56}},"12":{"start":{"line":57,"column":12},"end":{"line":57,"column":37}},"13":{"start":{"line":59,"column":8},"end":{"line":59,"column":25}}},"branchMap":{"1":{"line":26,"type":"if","locations":[{"start":{"line":26,"column":8},"end":{"line":26,"column":8}},{"start":{"line":26,"column":8},"end":{"line":26,"column":8}}]},"2":{"line":27,"type":"if","locations":[{"start":{"line":27,"column":8},"end":{"line":27,"column":8}},{"start":{"line":27,"column":8},"end":{"line":27,"column":8}}]},"3":{"line":28,"type":"if","locations":[{"start":{"line":28,"column":8},"end":{"line":28,"column":8}},{"start":{"line":28,"column":8},"end":{"line":28,"column":8}}]},"4":{"line":29,"type":"if","locations":[{"start":{"line":29,"column":8},"end":{"line":29,"column":8}},{"start":{"line":29,"column":8},"end":{"line":29,"column":8}}]},"5":{"line":46,"type":"if","locations":[{"start":{"line":46,"column":19},"end":{"line":46,"column":19}},{"start":{"line":46,"column":19},"end":{"line":46,"column":19}}]},"6":{"line":49,"type":"if","locations":[{"start":{"line":49,"column":8},"end":{"line":49,"column":8}},{"start":{"line":49,"column":8},"end":{"line":49,"column":8}}]}}},
"contracts\\Lock.sol":{"l":{"14":2,"19":1,"20":1,"27":5,"28":4,"30":3,"32":3},"path":"C:\\SEM 3\\INFO 7500\\dutch-auction-v2\\contracts\\Lock.sol","s":{"1":2,"2":5,"3":4,"4":3,"5":3},"b":{"1":[1,1],"2":[4,1],"3":[3,1]},"f":{"1":2,"2":5},"fnMap":{"1":{"name":"constructor","line":13,"loc":{"start":{"line":13,"column":4},"end":{"line":21,"column":4}}},"2":{"name":"withdraw","line":23,"loc":{"start":{"line":23,"column":4},"end":{"line":33,"column":4}}}},"statementMap":{"1":{"start":{"line":14,"column":8},"end":{"line":14,"column":327}},"2":{"start":{"line":27,"column":8},"end":{"line":27,"column":71}},"3":{"start":{"line":28,"column":8},"end":{"line":28,"column":59}},"4":{"start":{"line":30,"column":8},"end":{"line":30,"column":63}},"5":{"start":{"line":32,"column":8},"end":{"line":32,"column":44}}},"branchMap":{"1":{"line":14,"type":"if","locations":[{"start":{"line":14,"column":8},"end":{"line":14,"column":8}},{"start":{"line":14,"column":8},"end":{"line":14,"column":8}}]},"2":{"line":27,"type":"if","locations":[{"start":{"line":27,"column":8},"end":{"line":27,"column":8}},{"start":{"line":27,"column":8},"end":{"line":27,"column":8}}]},"3":{"line":28,"type":"if","locations":[{"start":{"line":28,"column":8},"end":{"line":28,"column":8}},{"start":{"line":28,"column":8},"end":{"line":28,"column":8}}]}}},
"contracts\\NFTDutch.sol":{"l":{"16":3,"17":3,"18":3},"path":"C:\\SEM 3\\INFO 7500\\dutch-auction-v2\\contracts\\NFTDutch.sol","s":{"1":3,"2":3,"3":3},"b":{},"f":{"1":2,"2":3},"fnMap":{"1":{"name":"constructor","line":13,"loc":{"start":{"line":13,"column":4},"end":{"line":13,"column":45}}},"2":{"name":"safeMint","line":15,"loc":{"start":{"line":15,"column":4},"end":{"line":19,"column":4}}}},"statementMap":{"1":{"start":{"line":16,"column":8},"end":{"line":16,"column":34}},"2":{"start":{"line":17,"column":8},"end":{"line":17,"column":51}},"3":{"start":{"line":18,"column":8},"end":{"line":18,"column":29}}},"branchMap":{}}}
