TN:
SF:C:\SEM 3\INFO 7500\dutch-auction-v2\contracts\dutchAuction.sol
FN:25,isAuctionValid
FN:32,constructor
FN:46,bid
FNF:3
FNH:3
FNDA:5,isAuctionValid
FNDA:1,constructor
FNDA:3,bid
DA:26,5
DA:27,4
DA:28,3
DA:29,3
DA:30,3
DA:33,1
DA:34,1
DA:35,1
DA:36,1
DA:37,1
DA:38,1
DA:39,1
DA:40,1
DA:41,1
DA:42,1
DA:47,3
DA:48,3
DA:49,3
DA:50,2
DA:51,2
DA:52,2
DA:53,2
DA:56,1
DA:57,1
DA:59,3
LF:25
LH:25
BRDA:26,1,0,4
BRDA:26,1,1,1
BRDA:27,2,0,3
BRDA:27,2,1,1
BRDA:28,3,0,3
BRDA:28,3,1,0
BRDA:29,4,0,3
BRDA:29,4,1,0
BRDA:46,5,0,3
BRDA:46,5,1,2
BRDA:49,6,0,2
BRDA:49,6,1,1
BRF:12
BRH:10
end_of_record
TN:
SF:C:\SEM 3\INFO 7500\dutch-auction-v2\contracts\Lock.sol
FN:13,constructor
FN:23,withdraw
FNF:2
FNH:2
FNDA:2,constructor
FNDA:5,withdraw
DA:14,2
DA:19,1
DA:20,1
DA:27,5
DA:28,4
DA:30,3
DA:32,3
LF:7
LH:7
BRDA:14,1,0,1
BRDA:14,1,1,1
BRDA:27,2,0,4
BRDA:27,2,1,1
BRDA:28,3,0,3
BRDA:28,3,1,1
BRF:6
BRH:6
end_of_record
TN:
SF:C:\SEM 3\INFO 7500\dutch-auction-v2\contracts\NFTDutch.sol
FN:13,constructor
FN:15,safeMint
FNF:2
FNH:2
FNDA:2,constructor
FNDA:3,safeMint
DA:16,3
DA:17,3
DA:18,3
LF:3
LH:3
BRF:0
BRH:0
end_of_record
